<?xml version="1.0" encoding="UTF-8"?>
<!-- Generated by org.testng.reporters.JUnitReportReporter -->
<testsuite hostname="User-PC" name="com.example.tests.SighUpUser" tests="1" failures="0" timestamp="26 Apr 2014 12:31:17 GMT" time="4.052" errors="0">
  <testcase name="newUserSignUp" time="4.052" classname="com.example.tests.SighUpUser"/>
</testsuite> <!-- com.example.tests.SighUpUser -->
